mode: set
github.com/Logiraptor/chickenVM/peg/language.go:19.49,21.39 2 0
github.com/Logiraptor/chickenVM/peg/language.go:24.2,24.10 1 0
github.com/Logiraptor/chickenVM/peg/language.go:21.39,23.3 1 0
github.com/Logiraptor/chickenVM/peg/language.go:27.34,29.2 1 0
github.com/Logiraptor/chickenVM/peg/language.go:37.67,39.2 1 1
github.com/Logiraptor/chickenVM/peg/language.go:42.64,44.16 2 1
github.com/Logiraptor/chickenVM/peg/language.go:47.2,48.18 2 1
github.com/Logiraptor/chickenVM/peg/language.go:44.16,46.3 1 0
github.com/Logiraptor/chickenVM/peg/language.go:51.49,55.60 2 1
github.com/Logiraptor/chickenVM/peg/language.go:55.60,57.20 2 1
github.com/Logiraptor/chickenVM/peg/language.go:57.20,60.33 3 1
github.com/Logiraptor/chickenVM/peg/language.go:64.5,64.113 1 1
github.com/Logiraptor/chickenVM/peg/language.go:60.33,62.6 1 1
github.com/Logiraptor/chickenVM/peg/language.go:65.6,70.5 1 1
github.com/Logiraptor/chickenVM/peg/language.go:75.63,78.60 1 1
github.com/Logiraptor/chickenVM/peg/language.go:78.60,80.20 2 1
github.com/Logiraptor/chickenVM/peg/language.go:80.20,83.33 3 1
github.com/Logiraptor/chickenVM/peg/language.go:87.5,87.126 1 1
github.com/Logiraptor/chickenVM/peg/language.go:83.33,85.6 1 1
github.com/Logiraptor/chickenVM/peg/language.go:88.6,93.5 1 1
github.com/Logiraptor/chickenVM/peg/language.go:98.40,103.2 1 1
github.com/Logiraptor/chickenVM/peg/language.go:105.58,109.60 1 1
github.com/Logiraptor/chickenVM/peg/language.go:109.60,112.29 3 1
github.com/Logiraptor/chickenVM/peg/language.go:123.4,123.26 1 1
github.com/Logiraptor/chickenVM/peg/language.go:126.4,126.77 1 1
github.com/Logiraptor/chickenVM/peg/language.go:112.29,114.19 2 1
github.com/Logiraptor/chickenVM/peg/language.go:114.19,116.6 1 1
github.com/Logiraptor/chickenVM/peg/language.go:116.7,117.21 1 1
github.com/Logiraptor/chickenVM/peg/language.go:120.6,120.17 1 1
github.com/Logiraptor/chickenVM/peg/language.go:117.21,119.7 1 1
github.com/Logiraptor/chickenVM/peg/language.go:123.26,125.5 1 1
github.com/Logiraptor/chickenVM/peg/language.go:131.42,135.60 1 1
github.com/Logiraptor/chickenVM/peg/language.go:135.60,139.18 4 1
github.com/Logiraptor/chickenVM/peg/language.go:154.4,154.33 1 1
github.com/Logiraptor/chickenVM/peg/language.go:139.18,141.5 1 0
github.com/Logiraptor/chickenVM/peg/language.go:141.6,144.9 3 1
github.com/Logiraptor/chickenVM/peg/language.go:144.9,146.20 2 1
github.com/Logiraptor/chickenVM/peg/language.go:149.6,150.16 2 1
github.com/Logiraptor/chickenVM/peg/language.go:146.20,147.12 1 1
github.com/Logiraptor/chickenVM/peg/language.go:159.42,163.60 1 1
github.com/Logiraptor/chickenVM/peg/language.go:163.60,169.8 6 1
github.com/Logiraptor/chickenVM/peg/language.go:177.4,177.33 1 1
github.com/Logiraptor/chickenVM/peg/language.go:169.8,171.19 2 1
github.com/Logiraptor/chickenVM/peg/language.go:174.5,175.15 2 1
github.com/Logiraptor/chickenVM/peg/language.go:171.19,172.11 1 1
github.com/Logiraptor/chickenVM/peg/language.go:182.44,186.60 1 1
github.com/Logiraptor/chickenVM/peg/language.go:186.60,189.4 2 1
github.com/Logiraptor/chickenVM/peg/language.go:193.63,197.60 1 1
github.com/Logiraptor/chickenVM/peg/language.go:197.60,199.18 2 1
github.com/Logiraptor/chickenVM/peg/language.go:199.18,201.5 1 1
github.com/Logiraptor/chickenVM/peg/language.go:201.6,203.19 2 1
github.com/Logiraptor/chickenVM/peg/language.go:206.5,206.26 1 1
github.com/Logiraptor/chickenVM/peg/language.go:203.19,205.6 1 1
github.com/Logiraptor/chickenVM/peg/language.go:212.43,216.60 1 1
github.com/Logiraptor/chickenVM/peg/language.go:216.60,219.4 2 1
github.com/Logiraptor/chickenVM/peg/lexer.go:19.31,20.9 1 0
github.com/Logiraptor/chickenVM/peg/lexer.go:26.2,26.43 1 0
github.com/Logiraptor/chickenVM/peg/lexer.go:21.2,22.15 1 0
github.com/Logiraptor/chickenVM/peg/lexer.go:23.2,24.15 1 0
github.com/Logiraptor/chickenVM/peg/lexer.go:49.35,50.11 1 0
github.com/Logiraptor/chickenVM/peg/lexer.go:80.2,80.18 1 0
github.com/Logiraptor/chickenVM/peg/lexer.go:51.2,52.21 1 0
github.com/Logiraptor/chickenVM/peg/lexer.go:53.2,54.26 1 0
github.com/Logiraptor/chickenVM/peg/lexer.go:55.2,56.21 1 0
github.com/Logiraptor/chickenVM/peg/lexer.go:57.2,58.23 1 0
github.com/Logiraptor/chickenVM/peg/lexer.go:59.2,60.26 1 0
github.com/Logiraptor/chickenVM/peg/lexer.go:61.2,62.23 1 0
github.com/Logiraptor/chickenVM/peg/lexer.go:63.2,64.26 1 0
github.com/Logiraptor/chickenVM/peg/lexer.go:65.2,66.22 1 0
github.com/Logiraptor/chickenVM/peg/lexer.go:67.2,68.19 1 0
github.com/Logiraptor/chickenVM/peg/lexer.go:69.2,70.23 1 0
github.com/Logiraptor/chickenVM/peg/lexer.go:71.2,72.20 1 0
github.com/Logiraptor/chickenVM/peg/lexer.go:73.2,74.25 1 0
github.com/Logiraptor/chickenVM/peg/lexer.go:75.2,76.24 1 0
github.com/Logiraptor/chickenVM/peg/lexer.go:77.2,78.23 1 0
github.com/Logiraptor/chickenVM/peg/lexer.go:96.33,99.2 2 0
github.com/Logiraptor/chickenVM/peg/lexer.go:101.34,108.2 3 1
github.com/Logiraptor/chickenVM/peg/lexer.go:110.23,111.40 1 1
github.com/Logiraptor/chickenVM/peg/lexer.go:114.2,114.16 1 1
github.com/Logiraptor/chickenVM/peg/lexer.go:111.40,113.3 1 1
github.com/Logiraptor/chickenVM/peg/lexer.go:117.29,119.19 2 1
github.com/Logiraptor/chickenVM/peg/lexer.go:122.2,124.10 3 1
github.com/Logiraptor/chickenVM/peg/lexer.go:119.19,121.3 1 0
github.com/Logiraptor/chickenVM/peg/lexer.go:127.29,129.19 2 1
github.com/Logiraptor/chickenVM/peg/lexer.go:136.2,137.19 2 1
github.com/Logiraptor/chickenVM/peg/lexer.go:143.2,144.10 2 1
github.com/Logiraptor/chickenVM/peg/lexer.go:129.19,131.3 1 1
github.com/Logiraptor/chickenVM/peg/lexer.go:131.4,131.23 1 1
github.com/Logiraptor/chickenVM/peg/lexer.go:131.23,134.3 2 0
github.com/Logiraptor/chickenVM/peg/lexer.go:137.19,139.3 1 0
github.com/Logiraptor/chickenVM/peg/lexer.go:139.4,139.23 1 1
github.com/Logiraptor/chickenVM/peg/lexer.go:139.23,142.3 2 0
github.com/Logiraptor/chickenVM/peg/lexer.go:147.29,148.17 1 1
github.com/Logiraptor/chickenVM/peg/lexer.go:148.17,150.3 1 1
github.com/Logiraptor/chickenVM/peg/lexer.go:150.4,150.24 1 0
github.com/Logiraptor/chickenVM/peg/lexer.go:150.24,152.3 1 0
github.com/Logiraptor/chickenVM/peg/lexer.go:152.4,152.24 1 0
github.com/Logiraptor/chickenVM/peg/lexer.go:152.24,154.3 1 0
github.com/Logiraptor/chickenVM/peg/lexer.go:154.4,156.3 1 0
github.com/Logiraptor/chickenVM/peg/lexer.go:159.34,161.2 1 1
github.com/Logiraptor/chickenVM/peg/lexer.go:166.56,171.2 4 1
github.com/Logiraptor/chickenVM/peg/lexer.go:173.43,174.45 1 0
github.com/Logiraptor/chickenVM/peg/lexer.go:178.2,178.14 1 0
github.com/Logiraptor/chickenVM/peg/lexer.go:174.45,177.3 2 0
github.com/Logiraptor/chickenVM/peg/lexer.go:181.41,182.46 1 0
github.com/Logiraptor/chickenVM/peg/lexer.go:182.46,184.3 1 0
github.com/Logiraptor/chickenVM/peg/lexer.go:187.68,190.2 2 0
github.com/Logiraptor/chickenVM/peg/lexer.go:192.47,194.19 2 0
github.com/Logiraptor/chickenVM/peg/lexer.go:200.2,200.28 1 0
github.com/Logiraptor/chickenVM/peg/lexer.go:194.19,196.3 1 0
github.com/Logiraptor/chickenVM/peg/lexer.go:196.4,196.23 1 0
github.com/Logiraptor/chickenVM/peg/lexer.go:196.23,199.3 2 0
github.com/Logiraptor/chickenVM/peg/lexer.go:204.42,205.29 1 0
github.com/Logiraptor/chickenVM/peg/lexer.go:205.29,207.3 1 0
github.com/Logiraptor/chickenVM/peg/lexer.go:210.31,212.2 1 1
github.com/Logiraptor/chickenVM/peg/lexer.go:214.31,215.24 1 1
github.com/Logiraptor/chickenVM/peg/lexer.go:243.2,243.12 1 0
github.com/Logiraptor/chickenVM/peg/lexer.go:216.2,217.23 1 1
github.com/Logiraptor/chickenVM/peg/lexer.go:218.2,219.23 1 1
github.com/Logiraptor/chickenVM/peg/lexer.go:220.2,221.20 1 1
github.com/Logiraptor/chickenVM/peg/lexer.go:222.2,223.23 1 1
github.com/Logiraptor/chickenVM/peg/lexer.go:224.2,225.20 1 1
github.com/Logiraptor/chickenVM/peg/lexer.go:226.2,227.18 1 1
github.com/Logiraptor/chickenVM/peg/lexer.go:228.2,229.20 1 1
github.com/Logiraptor/chickenVM/peg/lexer.go:230.2,231.17 1 1
github.com/Logiraptor/chickenVM/peg/lexer.go:232.2,233.22 1 1
github.com/Logiraptor/chickenVM/peg/lexer.go:234.2,235.19 1 1
github.com/Logiraptor/chickenVM/peg/lexer.go:236.2,237.20 1 1
github.com/Logiraptor/chickenVM/peg/lexer.go:238.2,240.13 2 1
github.com/Logiraptor/chickenVM/peg/lexer.go:246.32,250.2 3 1
github.com/Logiraptor/chickenVM/peg/lexer.go:252.37,256.2 3 1
github.com/Logiraptor/chickenVM/peg/lexer.go:258.34,262.2 3 1
github.com/Logiraptor/chickenVM/peg/lexer.go:264.35,268.2 3 1
github.com/Logiraptor/chickenVM/peg/lexer.go:270.35,274.2 3 1
github.com/Logiraptor/chickenVM/peg/lexer.go:276.38,277.28 1 1
github.com/Logiraptor/chickenVM/peg/lexer.go:280.2,281.15 2 1
github.com/Logiraptor/chickenVM/peg/lexer.go:277.28,279.3 1 1
github.com/Logiraptor/chickenVM/peg/lexer.go:284.38,285.6 1 1
github.com/Logiraptor/chickenVM/peg/lexer.go:293.2,294.15 2 1
github.com/Logiraptor/chickenVM/peg/lexer.go:285.6,287.38 2 1
github.com/Logiraptor/chickenVM/peg/lexer.go:287.38,289.4 1 1
github.com/Logiraptor/chickenVM/peg/lexer.go:289.5,290.9 1 1
github.com/Logiraptor/chickenVM/peg/lexer.go:297.35,301.2 3 1
github.com/Logiraptor/chickenVM/peg/lexer.go:303.38,305.21 2 1
github.com/Logiraptor/chickenVM/peg/lexer.go:311.2,311.15 1 1
github.com/Logiraptor/chickenVM/peg/lexer.go:305.21,308.3 2 0
github.com/Logiraptor/chickenVM/peg/lexer.go:308.4,310.3 1 1
github.com/Logiraptor/chickenVM/peg/lexer.go:314.35,317.6 2 1
github.com/Logiraptor/chickenVM/peg/lexer.go:317.6,319.36 2 1
github.com/Logiraptor/chickenVM/peg/lexer.go:319.36,321.4 1 1
github.com/Logiraptor/chickenVM/peg/lexer.go:321.5,321.23 1 1
github.com/Logiraptor/chickenVM/peg/lexer.go:321.23,324.4 2 1
github.com/Logiraptor/chickenVM/peg/lexer.go:324.5,324.22 1 1
github.com/Logiraptor/chickenVM/peg/lexer.go:324.22,327.4 2 0
github.com/Logiraptor/chickenVM/peg/lexer.go:331.33,334.22 2 1
github.com/Logiraptor/chickenVM/peg/lexer.go:341.2,341.6 1 1
github.com/Logiraptor/chickenVM/peg/lexer.go:334.22,337.3 2 0
github.com/Logiraptor/chickenVM/peg/lexer.go:337.4,339.3 1 1
github.com/Logiraptor/chickenVM/peg/lexer.go:341.6,343.36 2 1
github.com/Logiraptor/chickenVM/peg/lexer.go:343.36,345.4 1 0
github.com/Logiraptor/chickenVM/peg/lexer.go:345.5,345.23 1 1
github.com/Logiraptor/chickenVM/peg/lexer.go:345.23,348.4 2 1
github.com/Logiraptor/chickenVM/peg/lexer.go:348.5,348.22 1 1
github.com/Logiraptor/chickenVM/peg/lexer.go:348.22,351.4 2 0
github.com/Logiraptor/chickenVM/peg/parse_tree.go:13.55,16.35 3 0
github.com/Logiraptor/chickenVM/peg/parse_tree.go:19.2,19.13 1 0
github.com/Logiraptor/chickenVM/peg/parse_tree.go:16.35,18.3 1 0
github.com/Logiraptor/chickenVM/peg/parse_tree.go:22.37,24.2 1 0
github.com/Logiraptor/chickenVM/peg/parser.go:20.52,24.2 3 1
github.com/Logiraptor/chickenVM/peg/parser.go:26.61,29.2 2 0
github.com/Logiraptor/chickenVM/peg/parser.go:31.47,37.45 5 1
github.com/Logiraptor/chickenVM/peg/parser.go:41.2,43.22 2 1
github.com/Logiraptor/chickenVM/peg/parser.go:47.2,47.9 1 1
github.com/Logiraptor/chickenVM/peg/parser.go:37.45,39.3 1 1
github.com/Logiraptor/chickenVM/peg/parser.go:43.22,45.3 1 0
github.com/Logiraptor/chickenVM/peg/parser.go:48.2,49.19 1 1
github.com/Logiraptor/chickenVM/peg/parser.go:50.2,51.18 1 0
github.com/Logiraptor/chickenVM/peg/parser.go:55.88,58.9 3 1
github.com/Logiraptor/chickenVM/peg/parser.go:62.2,63.26 2 1
github.com/Logiraptor/chickenVM/peg/parser.go:67.2,68.16 2 1
github.com/Logiraptor/chickenVM/peg/parser.go:58.9,61.3 2 0
github.com/Logiraptor/chickenVM/peg/parser.go:63.26,65.3 1 1
github.com/Logiraptor/chickenVM/peg/parser.go:68.16,71.3 2 0
github.com/Logiraptor/chickenVM/peg/parser.go:71.4,76.3 2 1
github.com/Logiraptor/chickenVM/peg/parser.go:79.80,80.20 1 1
github.com/Logiraptor/chickenVM/peg/parser.go:83.2,84.22 2 1
github.com/Logiraptor/chickenVM/peg/parser.go:92.2,94.39 2 1
github.com/Logiraptor/chickenVM/peg/parser.go:102.2,104.17 2 1
github.com/Logiraptor/chickenVM/peg/parser.go:80.20,82.3 1 1
github.com/Logiraptor/chickenVM/peg/parser.go:84.22,86.10 2 1
github.com/Logiraptor/chickenVM/peg/parser.go:86.10,88.4 1 0
github.com/Logiraptor/chickenVM/peg/parser.go:88.5,90.4 1 1
github.com/Logiraptor/chickenVM/peg/parser.go:94.39,97.17 3 1
github.com/Logiraptor/chickenVM/peg/parser.go:97.17,99.4 1 0
github.com/Logiraptor/chickenVM/peg/parser.go:107.42,109.9 2 1
github.com/Logiraptor/chickenVM/peg/parser.go:112.2,112.18 1 1
github.com/Logiraptor/chickenVM/peg/parser.go:122.2,122.12 1 0
github.com/Logiraptor/chickenVM/peg/parser.go:109.9,111.3 1 1
github.com/Logiraptor/chickenVM/peg/parser.go:113.2,114.29 1 1
github.com/Logiraptor/chickenVM/peg/parser.go:115.2,116.21 1 1
github.com/Logiraptor/chickenVM/peg/parser.go:117.2,118.43 1 0
github.com/Logiraptor/chickenVM/peg/parser.go:119.2,120.27 1 0
github.com/Logiraptor/chickenVM/peg/parser.go:125.42,126.38 1 1
github.com/Logiraptor/chickenVM/peg/parser.go:126.38,128.10 2 1
github.com/Logiraptor/chickenVM/peg/parser.go:132.3,132.19 1 1
github.com/Logiraptor/chickenVM/peg/parser.go:138.3,138.13 1 0
github.com/Logiraptor/chickenVM/peg/parser.go:128.10,131.4 2 0
github.com/Logiraptor/chickenVM/peg/parser.go:133.3,134.26 1 1
github.com/Logiraptor/chickenVM/peg/parser.go:135.3,136.35 1 1
github.com/Logiraptor/chickenVM/peg/parser.go:142.63,144.38 2 1
github.com/Logiraptor/chickenVM/peg/parser.go:144.38,146.10 2 1
github.com/Logiraptor/chickenVM/peg/parser.go:150.3,150.19 1 1
github.com/Logiraptor/chickenVM/peg/parser.go:208.3,208.13 1 0
github.com/Logiraptor/chickenVM/peg/parser.go:146.10,149.4 2 0
github.com/Logiraptor/chickenVM/peg/parser.go:151.3,152.37 1 1
github.com/Logiraptor/chickenVM/peg/parser.go:153.3,155.78 2 1
github.com/Logiraptor/chickenVM/peg/parser.go:156.3,157.97 1 1
github.com/Logiraptor/chickenVM/peg/parser.go:158.3,159.69 1 1
github.com/Logiraptor/chickenVM/peg/parser.go:160.3,161.23 1 1
github.com/Logiraptor/chickenVM/peg/parser.go:165.4,167.66 3 1
github.com/Logiraptor/chickenVM/peg/parser.go:168.3,169.23 1 1
github.com/Logiraptor/chickenVM/peg/parser.go:173.4,175.66 3 1
github.com/Logiraptor/chickenVM/peg/parser.go:176.3,177.23 1 1
github.com/Logiraptor/chickenVM/peg/parser.go:181.4,183.68 3 1
github.com/Logiraptor/chickenVM/peg/parser.go:184.3,185.23 1 1
github.com/Logiraptor/chickenVM/peg/parser.go:189.4,191.67 3 1
github.com/Logiraptor/chickenVM/peg/parser.go:192.3,193.41 1 1
github.com/Logiraptor/chickenVM/peg/parser.go:195.3,196.23 1 1
github.com/Logiraptor/chickenVM/peg/parser.go:203.4,203.22 1 1
github.com/Logiraptor/chickenVM/peg/parser.go:204.3,206.14 2 0
github.com/Logiraptor/chickenVM/peg/parser.go:161.23,164.5 2 0
github.com/Logiraptor/chickenVM/peg/parser.go:169.23,172.5 2 0
github.com/Logiraptor/chickenVM/peg/parser.go:177.23,180.5 2 0
github.com/Logiraptor/chickenVM/peg/parser.go:185.23,188.5 2 0
github.com/Logiraptor/chickenVM/peg/parser.go:196.23,198.5 1 0
github.com/Logiraptor/chickenVM/peg/parser.go:198.6,198.30 1 1
github.com/Logiraptor/chickenVM/peg/parser.go:198.30,200.5 1 1
github.com/Logiraptor/chickenVM/peg/parser.go:200.6,202.5 1 1
github.com/Logiraptor/chickenVM/peg/parser.go:212.67,213.38 1 1
github.com/Logiraptor/chickenVM/peg/parser.go:213.38,215.10 2 1
github.com/Logiraptor/chickenVM/peg/parser.go:219.3,220.19 2 1
github.com/Logiraptor/chickenVM/peg/parser.go:234.3,237.79 3 1
github.com/Logiraptor/chickenVM/peg/parser.go:215.10,218.4 2 0
github.com/Logiraptor/chickenVM/peg/parser.go:221.3,222.41 1 1
github.com/Logiraptor/chickenVM/peg/parser.go:223.3,224.41 1 0
github.com/Logiraptor/chickenVM/peg/parser.go:225.3,226.60 1 0
github.com/Logiraptor/chickenVM/peg/parser.go:227.3,228.32 1 1
github.com/Logiraptor/chickenVM/peg/parser.go:229.3,231.14 2 0
github.com/Logiraptor/chickenVM/peg/source.go:14.47,16.16 2 1
github.com/Logiraptor/chickenVM/peg/source.go:19.2,21.8 1 1
github.com/Logiraptor/chickenVM/peg/source.go:16.16,18.3 1 0
github.com/Logiraptor/chickenVM/peg/source.go:27.64,29.16 2 1
github.com/Logiraptor/chickenVM/peg/source.go:33.2,33.17 1 1
github.com/Logiraptor/chickenVM/peg/source.go:37.2,37.12 1 1
github.com/Logiraptor/chickenVM/peg/source.go:29.16,31.3 1 1
github.com/Logiraptor/chickenVM/peg/source.go:33.17,35.3 1 1
github.com/Logiraptor/chickenVM/peg/source.go:42.63,43.23 1 1
github.com/Logiraptor/chickenVM/peg/source.go:46.2,46.41 1 1
github.com/Logiraptor/chickenVM/peg/source.go:49.2,49.12 1 1
github.com/Logiraptor/chickenVM/peg/source.go:43.23,45.3 1 1
github.com/Logiraptor/chickenVM/peg/source.go:46.41,48.3 1 1
